<?xml version="1.0" encoding="UTF-8"?>
<!-- Generated by org.testng.reporters.JUnitReportReporter -->
<testsuite skipped="0" hostname="GODBOLEG3" name="Headless" tests="1" failures="0" timestamp="2022-04-05T10:20:30 IST" time="7.501" errors="0">
  <testcase name="testAssertion" time="7.501" classname="Headless"/>
  <system-out/>
</testsuite> <!-- Headless -->
