<?xml version="1.0" encoding="UTF-8"?>
<!-- Generated by org.testng.reporters.JUnitReportReporter -->
<testsuite skipped="0" hostname="GODBOLEG3" name="com.PomTest.VerifyLogin" tests="1" failures="0" timestamp="2022-04-07T09:40:18 IST" time="6.645" errors="0">
  <testcase name="verifyValidLogin" time="6.645" classname="com.PomTest.VerifyLogin"/>
  <system-out/>
</testsuite> <!-- com.PomTest.VerifyLogin -->
