<?xml version="1.0" encoding="UTF-8"?>
<!-- Generated by org.testng.reporters.JUnitReportReporter -->
<testsuite skipped="0" hostname="GODBOLEG3" name="TestResult" tests="2" failures="0" timestamp="2022-04-06T16:50:15 IST" time="21.728" errors="0">
  <testcase name="Test" time="9.187" classname="TestResult"/>
  <system-out/>
  <testcase name="NewTest" time="12.541" classname="TestResult"/>
  <system-out/>
</testsuite> <!-- TestResult -->
